<?xml version="1.0" encoding="UTF-8"?>
<testng-results skipped="0" failed="0" ignored="0" total="10" passed="10">
  <reporter-output>
  </reporter-output>
  <suite name="HybridFramework" duration-ms="243169" started-at="2022-05-24T00:11:11 IST" finished-at="2022-05-24T00:15:14 IST">
    <groups>
    </groups>
    <test name="HomePage Test" duration-ms="243169" started-at="2022-05-24T00:11:11 IST" finished-at="2022-05-24T00:15:14 IST">
      <class name="com.mindtree.TestCases.TC_HomePage">
        <test-method status="PASS" signature="setup(java.lang.String)[pri:0, instance:com.mindtree.TestCases.TC_HomePage@710726a3]" name="setup" is-config="true" duration-ms="42527" started-at="2022-05-24T00:11:12 IST" finished-at="2022-05-24T00:11:55 IST">
          <params>
            <param index="0">
              <value>
                <![CDATA[chrome]]>
              </value>
            </param>
          </params>
          <reporter-output>
          </reporter-output>
        </test-method> <!-- setup -->
        <test-method status="PASS" signature="homePage()[pri:0, instance:com.mindtree.TestCases.TC_HomePage@710726a3]" name="homePage" duration-ms="118" started-at="2022-05-24T00:11:55 IST" finished-at="2022-05-24T00:11:55 IST">
          <reporter-output>
          </reporter-output>
        </test-method> <!-- homePage -->
        <test-method status="PASS" signature="tearDown()[pri:0, instance:com.mindtree.TestCases.TC_HomePage@710726a3]" name="tearDown" is-config="true" duration-ms="1286" started-at="2022-05-24T00:11:55 IST" finished-at="2022-05-24T00:11:57 IST">
          <reporter-output>
          </reporter-output>
        </test-method> <!-- tearDown -->
      </class> <!-- com.mindtree.TestCases.TC_HomePage -->
      <class name="com.mindtree.TestCases.TC_ViewCustomerStories">
        <test-method status="PASS" signature="setup(java.lang.String)[pri:0, instance:com.mindtree.TestCases.TC_ViewCustomerStories@2f0a87b3]" name="setup" is-config="true" duration-ms="12460" started-at="2022-05-24T00:14:57 IST" finished-at="2022-05-24T00:15:09 IST">
          <params>
            <param index="0">
              <value>
                <![CDATA[chrome]]>
              </value>
            </param>
          </params>
          <reporter-output>
          </reporter-output>
        </test-method> <!-- setup -->
        <test-method status="PASS" signature="viewcusstories()[pri:0, instance:com.mindtree.TestCases.TC_ViewCustomerStories@2f0a87b3]" name="viewcusstories" duration-ms="3765" started-at="2022-05-24T00:15:09 IST" finished-at="2022-05-24T00:15:13 IST">
          <reporter-output>
          </reporter-output>
        </test-method> <!-- viewcusstories -->
        <test-method status="PASS" signature="tearDown()[pri:0, instance:com.mindtree.TestCases.TC_ViewCustomerStories@2f0a87b3]" name="tearDown" is-config="true" duration-ms="1647" started-at="2022-05-24T00:15:13 IST" finished-at="2022-05-24T00:15:14 IST">
          <reporter-output>
          </reporter-output>
        </test-method> <!-- tearDown -->
      </class> <!-- com.mindtree.TestCases.TC_ViewCustomerStories -->
      <class name="com.mindtree.TestCases.TC_TVUnits">
        <test-method status="PASS" signature="setup(java.lang.String)[pri:0, instance:com.mindtree.TestCases.TC_TVUnits@727803de]" name="setup" is-config="true" duration-ms="13773" started-at="2022-05-24T00:13:35 IST" finished-at="2022-05-24T00:13:49 IST">
          <params>
            <param index="0">
              <value>
                <![CDATA[chrome]]>
              </value>
            </param>
          </params>
          <reporter-output>
          </reporter-output>
        </test-method> <!-- setup -->
        <test-method status="PASS" signature="tvUnits()[pri:0, instance:com.mindtree.TestCases.TC_TVUnits@727803de]" name="tvUnits" duration-ms="4553" started-at="2022-05-24T00:13:49 IST" finished-at="2022-05-24T00:13:54 IST">
          <reporter-output>
          </reporter-output>
        </test-method> <!-- tvUnits -->
        <test-method status="PASS" signature="tearDown()[pri:0, instance:com.mindtree.TestCases.TC_TVUnits@727803de]" name="tearDown" is-config="true" duration-ms="982" started-at="2022-05-24T00:13:54 IST" finished-at="2022-05-24T00:13:55 IST">
          <reporter-output>
          </reporter-output>
        </test-method> <!-- tearDown -->
      </class> <!-- com.mindtree.TestCases.TC_TVUnits -->
      <class name="com.mindtree.TestCases.TC_GiftCard">
        <test-method status="PASS" signature="setup(java.lang.String)[pri:0, instance:com.mindtree.TestCases.TC_GiftCard@4c762604]" name="setup" is-config="true" duration-ms="8775" started-at="2022-05-24T00:12:50 IST" finished-at="2022-05-24T00:12:58 IST">
          <params>
            <param index="0">
              <value>
                <![CDATA[chrome]]>
              </value>
            </param>
          </params>
          <reporter-output>
          </reporter-output>
        </test-method> <!-- setup -->
        <test-method status="PASS" signature="giftCard()[pri:0, instance:com.mindtree.TestCases.TC_GiftCard@4c762604]" name="giftCard" duration-ms="5293" started-at="2022-05-24T00:12:58 IST" finished-at="2022-05-24T00:13:04 IST">
          <reporter-output>
          </reporter-output>
        </test-method> <!-- giftCard -->
        <test-method status="PASS" signature="tearDown()[pri:0, instance:com.mindtree.TestCases.TC_GiftCard@4c762604]" name="tearDown" is-config="true" duration-ms="1688" started-at="2022-05-24T00:13:04 IST" finished-at="2022-05-24T00:13:05 IST">
          <reporter-output>
          </reporter-output>
        </test-method> <!-- tearDown -->
      </class> <!-- com.mindtree.TestCases.TC_GiftCard -->
      <class name="com.mindtree.TestCases.TC_FeesAndPayment">
        <test-method status="PASS" signature="setup(java.lang.String)[pri:0, instance:com.mindtree.TestCases.TC_FeesAndPayment@16f7c8c1]" name="setup" is-config="true" duration-ms="14691" started-at="2022-05-24T00:14:38 IST" finished-at="2022-05-24T00:14:53 IST">
          <params>
            <param index="0">
              <value>
                <![CDATA[chrome]]>
              </value>
            </param>
          </params>
          <reporter-output>
          </reporter-output>
        </test-method> <!-- setup -->
        <test-method status="PASS" signature="aboutUs()[pri:0, instance:com.mindtree.TestCases.TC_FeesAndPayment@16f7c8c1]" name="aboutUs" duration-ms="2970" started-at="2022-05-24T00:14:53 IST" finished-at="2022-05-24T00:14:56 IST">
          <reporter-output>
          </reporter-output>
        </test-method> <!-- aboutUs -->
        <test-method status="PASS" signature="tearDown()[pri:0, instance:com.mindtree.TestCases.TC_FeesAndPayment@16f7c8c1]" name="tearDown" is-config="true" duration-ms="1014" started-at="2022-05-24T00:14:56 IST" finished-at="2022-05-24T00:14:57 IST">
          <reporter-output>
          </reporter-output>
        </test-method> <!-- tearDown -->
      </class> <!-- com.mindtree.TestCases.TC_FeesAndPayment -->
      <class name="com.mindtree.TestCases.TC_AboutUs">
        <test-method status="PASS" signature="setup(java.lang.String)[pri:0, instance:com.mindtree.TestCases.TC_AboutUs@24a35978]" name="setup" is-config="true" duration-ms="15823" started-at="2022-05-24T00:14:17 IST" finished-at="2022-05-24T00:14:33 IST">
          <params>
            <param index="0">
              <value>
                <![CDATA[chrome]]>
              </value>
            </param>
          </params>
          <reporter-output>
          </reporter-output>
        </test-method> <!-- setup -->
        <test-method status="PASS" signature="aboutUs()[pri:0, instance:com.mindtree.TestCases.TC_AboutUs@24a35978]" name="aboutUs" duration-ms="3675" started-at="2022-05-24T00:14:33 IST" finished-at="2022-05-24T00:14:37 IST">
          <reporter-output>
          </reporter-output>
        </test-method> <!-- aboutUs -->
        <test-method status="PASS" signature="tearDown()[pri:0, instance:com.mindtree.TestCases.TC_AboutUs@24a35978]" name="tearDown" is-config="true" duration-ms="989" started-at="2022-05-24T00:14:37 IST" finished-at="2022-05-24T00:14:38 IST">
          <reporter-output>
          </reporter-output>
        </test-method> <!-- tearDown -->
      </class> <!-- com.mindtree.TestCases.TC_AboutUs -->
      <class name="com.mindtree.TestCases.TC_LoginPage">
        <test-method status="PASS" signature="setup(java.lang.String)[pri:0, instance:com.mindtree.TestCases.TC_LoginPage@77846d2c]" name="setup" is-config="true" duration-ms="15956" started-at="2022-05-24T00:11:57 IST" finished-at="2022-05-24T00:12:13 IST">
          <params>
            <param index="0">
              <value>
                <![CDATA[chrome]]>
              </value>
            </param>
          </params>
          <reporter-output>
          </reporter-output>
        </test-method> <!-- setup -->
        <test-method status="PASS" signature="loginpage()[pri:0, instance:com.mindtree.TestCases.TC_LoginPage@77846d2c]" name="loginpage" duration-ms="6342" started-at="2022-05-24T00:12:13 IST" finished-at="2022-05-24T00:12:19 IST">
          <reporter-output>
          </reporter-output>
        </test-method> <!-- loginpage -->
        <test-method status="PASS" signature="tearDown()[pri:0, instance:com.mindtree.TestCases.TC_LoginPage@77846d2c]" name="tearDown" is-config="true" duration-ms="1131" started-at="2022-05-24T00:12:19 IST" finished-at="2022-05-24T00:12:20 IST">
          <reporter-output>
          </reporter-output>
        </test-method> <!-- tearDown -->
      </class> <!-- com.mindtree.TestCases.TC_LoginPage -->
      <class name="com.mindtree.TestCases.TC_SelectMattresses">
        <test-method status="PASS" signature="setup(java.lang.String)[pri:0, instance:com.mindtree.TestCases.TC_SelectMattresses@548ad73b]" name="setup" is-config="true" duration-ms="17076" started-at="2022-05-24T00:12:20 IST" finished-at="2022-05-24T00:12:37 IST">
          <params>
            <param index="0">
              <value>
                <![CDATA[chrome]]>
              </value>
            </param>
          </params>
          <reporter-output>
          </reporter-output>
        </test-method> <!-- setup -->
        <test-method status="PASS" signature="selectmattresses()[pri:0, instance:com.mindtree.TestCases.TC_SelectMattresses@548ad73b]" name="selectmattresses" duration-ms="10922" started-at="2022-05-24T00:12:37 IST" finished-at="2022-05-24T00:12:48 IST">
          <reporter-output>
          </reporter-output>
        </test-method> <!-- selectmattresses -->
        <test-method status="PASS" signature="tearDown()[pri:0, instance:com.mindtree.TestCases.TC_SelectMattresses@548ad73b]" name="tearDown" is-config="true" duration-ms="1441" started-at="2022-05-24T00:12:48 IST" finished-at="2022-05-24T00:12:50 IST">
          <reporter-output>
          </reporter-output>
        </test-method> <!-- tearDown -->
      </class> <!-- com.mindtree.TestCases.TC_SelectMattresses -->
      <class name="com.mindtree.TestCases.TC_GoStores">
        <test-method status="PASS" signature="setup(java.lang.String)[pri:0, instance:com.mindtree.TestCases.TC_GoStores@2641e737]" name="setup" is-config="true" duration-ms="14114" started-at="2022-05-24T00:13:05 IST" finished-at="2022-05-24T00:13:19 IST">
          <params>
            <param index="0">
              <value>
                <![CDATA[chrome]]>
              </value>
            </param>
          </params>
          <reporter-output>
          </reporter-output>
        </test-method> <!-- setup -->
        <test-method status="PASS" signature="stores()[pri:0, instance:com.mindtree.TestCases.TC_GoStores@2641e737]" name="stores" duration-ms="14991" started-at="2022-05-24T00:13:19 IST" finished-at="2022-05-24T00:13:34 IST">
          <reporter-output>
          </reporter-output>
        </test-method> <!-- stores -->
        <test-method status="PASS" signature="tearDown()[pri:0, instance:com.mindtree.TestCases.TC_GoStores@2641e737]" name="tearDown" is-config="true" duration-ms="867" started-at="2022-05-24T00:13:34 IST" finished-at="2022-05-24T00:13:35 IST">
          <reporter-output>
          </reporter-output>
        </test-method> <!-- tearDown -->
      </class> <!-- com.mindtree.TestCases.TC_GoStores -->
      <class name="com.mindtree.TestCases.TC_SelectForCouples">
        <test-method status="PASS" signature="setup(java.lang.String)[pri:0, instance:com.mindtree.TestCases.TC_SelectForCouples@704921a5]" name="setup" is-config="true" duration-ms="13555" started-at="2022-05-24T00:13:55 IST" finished-at="2022-05-24T00:14:08 IST">
          <params>
            <param index="0">
              <value>
                <![CDATA[chrome]]>
              </value>
            </param>
          </params>
          <reporter-output>
          </reporter-output>
        </test-method> <!-- setup -->
        <test-method status="PASS" signature="selectforcouples()[pri:0, instance:com.mindtree.TestCases.TC_SelectForCouples@704921a5]" name="selectforcouples" duration-ms="8321" started-at="2022-05-24T00:14:08 IST" finished-at="2022-05-24T00:14:16 IST">
          <reporter-output>
          </reporter-output>
        </test-method> <!-- selectforcouples -->
        <test-method status="PASS" signature="tearDown()[pri:0, instance:com.mindtree.TestCases.TC_SelectForCouples@704921a5]" name="tearDown" is-config="true" duration-ms="957" started-at="2022-05-24T00:14:16 IST" finished-at="2022-05-24T00:14:17 IST">
          <reporter-output>
          </reporter-output>
        </test-method> <!-- tearDown -->
      </class> <!-- com.mindtree.TestCases.TC_SelectForCouples -->
    </test> <!-- HomePage Test -->
  </suite> <!-- HybridFramework -->
</testng-results>
