<?xml version="1.0" encoding="UTF-8"?>
<!-- Generated by org.testng.reporters.JUnitXMLReporter -->
<testsuite hostname="LAPTOP-MB120P1M" ignored="0" name="HomePage Test" tests="10" failures="0" timestamp="2022-05-24T00:15:15 IST" time="243.169" errors="0">
  <testcase name="homePage" time="0.118" classname="com.mindtree.TestCases.TC_HomePage"/>
  <testcase name="loginpage" time="6.342" classname="com.mindtree.TestCases.TC_LoginPage"/>
  <testcase name="selectmattresses" time="10.922" classname="com.mindtree.TestCases.TC_SelectMattresses"/>
  <testcase name="giftCard" time="5.293" classname="com.mindtree.TestCases.TC_GiftCard"/>
  <testcase name="stores" time="14.991" classname="com.mindtree.TestCases.TC_GoStores"/>
  <testcase name="tvUnits" time="4.553" classname="com.mindtree.TestCases.TC_TVUnits"/>
  <testcase name="selectforcouples" time="8.321" classname="com.mindtree.TestCases.TC_SelectForCouples"/>
  <testcase name="aboutUs" time="3.675" classname="com.mindtree.TestCases.TC_AboutUs"/>
  <testcase name="aboutUs" time="2.97" classname="com.mindtree.TestCases.TC_FeesAndPayment"/>
  <testcase name="viewcusstories" time="3.765" classname="com.mindtree.TestCases.TC_ViewCustomerStories"/>
</testsuite> <!-- HomePage Test -->
